<?xml version="1.0" encoding="UTF-8"?>
<!-- Generated by org.testng.reporters.JUnitReportReporter -->
<testsuite hostname="DESKTOP-3UFHC2E" failures="0" tests="1" name="testBase.TC001_AccountRegistrationTest" time="2.273" errors="0" timestamp="2024-09-04T12:20:54 IST" skipped="0">
  <testcase classname="testBase.TC001_AccountRegistrationTest" name="validations" time="2.273"/>
</testsuite> <!-- testBase.TC001_AccountRegistrationTest -->
