<?xml version="1.0" encoding="UTF-8"?>
<!-- Generated by org.testng.reporters.JUnitReportReporter -->
<testsuite hostname="DESKTOP-3UFHC2E" failures="0" tests="1" name="testCases.TC01_AccountRegistrationTest" time="2.369" errors="0" timestamp="2024-09-07T17:06:24 IST" skipped="0">
  <testcase classname="testCases.TC01_AccountRegistrationTest" name="validations" time="2.369"/>
</testsuite> <!-- testCases.TC01_AccountRegistrationTest -->
