<?xml version="1.0" encoding="UTF-8"?>
<!-- Generated by org.testng.reporters.JUnitReportReporter -->
<testsuite hostname="DESKTOP-3UFHC2E" failures="0" tests="4" name="testCases.TC03_LoginDDT" time="36.170" errors="0" timestamp="2024-09-06T14:31:04 IST" skipped="0">
  <testcase classname="testCases.TC03_LoginDDT" name="verify_loginDDT" time="11.304"/>
  <testcase classname="testCases.TC03_LoginDDT" name="verify_loginDDT" time="2.182"/>
  <testcase classname="testCases.TC03_LoginDDT" name="verify_loginDDT" time="11.501"/>
  <testcase classname="testCases.TC03_LoginDDT" name="verify_loginDDT" time="11.183"/>
</testsuite> <!-- testCases.TC03_LoginDDT -->
