<?xml version="1.0" encoding="UTF-8"?>
<!-- Generated by org.testng.reporters.JUnitReportReporter -->
<testsuite hostname="DESKTOP-3UFHC2E" failures="0" tests="1" name="testCases.TC02_LoginTest" time="1.742" errors="0" timestamp="2024-09-07T17:06:24 IST" skipped="0">
  <testcase classname="testCases.TC02_LoginTest" name="verify_login" time="1.742"/>
</testsuite> <!-- testCases.TC02_LoginTest -->
